<?xml version="1.0" encoding="UTF-8"?>
<Site BuildName="Linux-c++"
	BuildStamp="20230922-0219-Experimental"
	Name="notAl"
	Generator="ctest-3.22.1"
	CompilerName="/usr/bin/c++"
	CompilerVersion="11.4.0"
	OSName="Linux"
	Hostname="notAl"
	OSRelease="6.2.0-33-generic"
	OSVersion="#33~22.04.1-Ubuntu SMP PREEMPT_DYNAMIC Thu Sep  7 10:33:52 UTC 2"
	OSPlatform="x86_64"
	Is64Bits="1"
	VendorString="AuthenticAMD"
	VendorID="Advanced Micro Devices"
	FamilyID="23"
	ModelID="24"
	ProcessorCacheSize="512"
	NumberOfLogicalCPU="8"
	NumberOfPhysicalCPU="4"
	TotalVirtualMemory="29349"
	TotalPhysicalMemory="13877"
	LogicalProcessorsPerPhysical="2"
	ProcessorClockFrequency="2375.7"
	>
	<Testing>
		<StartDateTime>Sep 22 23:55 +08</StartDateTime>
		<StartTestTime>1695398100</StartTestTime>
		<TestList/>
		<EndDateTime>Sep 22 23:55 +08</EndDateTime>
		<EndTestTime>1695398100</EndTestTime>
		<ElapsedMinutes>0</ElapsedMinutes>
	</Testing>
</Site>
